[debug] [2020-04-20T02:47:28.339Z] ----------------------------------------------------------------------
[debug] [2020-04-20T02:47:28.345Z] Command:       /Users/Takahiro/.nodebrew/node/v8.13.0/bin/node /Users/Takahiro/.nodebrew/current/bin/firebase deploy
[debug] [2020-04-20T02:47:28.345Z] CLI Version:   8.0.1
[debug] [2020-04-20T02:47:28.345Z] Platform:      darwin
[debug] [2020-04-20T02:47:28.345Z] Node Version:  v8.13.0
[debug] [2020-04-20T02:47:28.347Z] Time:          Mon Apr 20 2020 11:47:28 GMT+0900 (JST)
[debug] [2020-04-20T02:47:28.347Z] ----------------------------------------------------------------------
[debug] [2020-04-20T02:47:28.347Z] 
[debug] [2020-04-20T02:47:28.370Z] > command requires scopes: ["email","openid","https://www.googleapis.com/auth/cloudplatformprojects.readonly","https://www.googleapis.com/auth/firebase","https://www.googleapis.com/auth/cloud-platform"]
[debug] [2020-04-20T02:47:28.370Z] > authorizing via signed-in user
[debug] [2020-04-20T02:47:28.372Z] [iam] checking project portfolio-12283 for permissions ["cloudfunctions.functions.create","cloudfunctions.functions.delete","cloudfunctions.functions.get","cloudfunctions.functions.list","cloudfunctions.functions.update","cloudfunctions.operations.get","firebase.projects.get","firebasehosting.sites.update"]
[debug] [2020-04-20T02:47:28.378Z] >>> HTTP REQUEST POST https://cloudresourcemanager.googleapis.com/v1/projects/portfolio-12283:testIamPermissions  
 {"permissions":["cloudfunctions.functions.create","cloudfunctions.functions.delete","cloudfunctions.functions.get","cloudfunctions.functions.list","cloudfunctions.functions.update","cloudfunctions.operations.get","firebase.projects.get","firebasehosting.sites.update"]}
[debug] [2020-04-20T02:47:28.655Z] <<< HTTP RESPONSE 200 {"content-type":"application/json; charset=UTF-8","vary":"X-Origin, Referer, Origin,Accept-Encoding","date":"Mon, 20 Apr 2020 02:47:28 GMT","server":"ESF","cache-control":"private","x-xss-protection":"0","x-frame-options":"SAMEORIGIN","x-content-type-options":"nosniff","server-timing":"gfet4t7; dur=126","alt-svc":"quic=\":443\"; ma=2592000; v=\"46,43\",h3-Q050=\":443\"; ma=2592000,h3-Q049=\":443\"; ma=2592000,h3-Q048=\":443\"; ma=2592000,h3-Q046=\":443\"; ma=2592000,h3-Q043=\":443\"; ma=2592000,h3-T050=\":443\"; ma=2592000","accept-ranges":"none","transfer-encoding":"chunked"}
[debug] [2020-04-20T02:47:28.657Z] >>> HTTP REQUEST GET https://firebase.googleapis.com/v1beta1/projects/portfolio-12283  
 
[debug] [2020-04-20T02:47:29.294Z] <<< HTTP RESPONSE 200 {"content-type":"application/json; charset=UTF-8","vary":"X-Origin, Referer, Origin,Accept-Encoding","date":"Mon, 20 Apr 2020 02:47:29 GMT","server":"ESF","cache-control":"private","x-xss-protection":"0","x-frame-options":"SAMEORIGIN","x-content-type-options":"nosniff","alt-svc":"quic=\":443\"; ma=2592000; v=\"46,43\",h3-Q050=\":443\"; ma=2592000,h3-Q049=\":443\"; ma=2592000,h3-Q048=\":443\"; ma=2592000,h3-Q046=\":443\"; ma=2592000,h3-Q043=\":443\"; ma=2592000,h3-T050=\":443\"; ma=2592000","accept-ranges":"none","transfer-encoding":"chunked"}
[info] 
[info] === Deploying to 'portfolio-12283'...
[info] 
[info] i  deploying functions, hosting
[info] Running command: npm --prefix "$RESOURCE_DIR" run lint
[info] ✔  functions: Finished running predeploy script.
[debug] [2020-04-20T02:47:36.692Z] > [functions] package.json contents: {
  "name": "functions",
  "description": "Cloud Functions for Firebase",
  "scripts": {
    "lint": "eslint .",
    "serve": "firebase emulators:start --only functions",
    "shell": "firebase functions:shell",
    "start": "npm run shell",
    "deploy": "firebase deploy --only functions",
    "logs": "firebase functions:log"
  },
  "engines": {
    "node": "8"
  },
  "dependencies": {
    "firebase-admin": "^8.9.0",
    "firebase-functions": "^3.3.0"
  },
  "devDependencies": {
    "eslint": "^5.12.0",
    "eslint-plugin-promise": "^4.0.1",
    "firebase-functions-test": "^0.1.6"
  },
  "private": true
}
[info] i  functions: ensuring necessary APIs are enabled...
[debug] [2020-04-20T02:47:36.695Z] >>> HTTP REQUEST GET https://serviceusage.googleapis.com/v1/projects/portfolio-12283/services/cloudfunctions.googleapis.com  
 
[debug] [2020-04-20T02:47:36.697Z] >>> HTTP REQUEST GET https://serviceusage.googleapis.com/v1/projects/portfolio-12283/services/runtimeconfig.googleapis.com  
 
[debug] [2020-04-20T02:47:37.774Z] <<< HTTP RESPONSE 200 {"content-type":"application/json; charset=UTF-8","vary":"X-Origin, Referer, Origin,Accept-Encoding","date":"Mon, 20 Apr 2020 02:47:37 GMT","server":"ESF","cache-control":"private","x-xss-protection":"0","x-frame-options":"SAMEORIGIN","x-content-type-options":"nosniff","alt-svc":"quic=\":443\"; ma=2592000; v=\"46,43\",h3-Q050=\":443\"; ma=2592000,h3-Q049=\":443\"; ma=2592000,h3-Q048=\":443\"; ma=2592000,h3-Q046=\":443\"; ma=2592000,h3-Q043=\":443\"; ma=2592000,h3-T050=\":443\"; ma=2592000","accept-ranges":"none","transfer-encoding":"chunked"}
[debug] [2020-04-20T02:47:37.819Z] <<< HTTP RESPONSE 200 {"content-type":"application/json; charset=UTF-8","vary":"X-Origin, Referer, Origin,Accept-Encoding","date":"Mon, 20 Apr 2020 02:47:37 GMT","server":"ESF","cache-control":"private","x-xss-protection":"0","x-frame-options":"SAMEORIGIN","x-content-type-options":"nosniff","alt-svc":"quic=\":443\"; ma=2592000; v=\"46,43\",h3-Q050=\":443\"; ma=2592000,h3-Q049=\":443\"; ma=2592000,h3-Q048=\":443\"; ma=2592000,h3-Q046=\":443\"; ma=2592000,h3-Q043=\":443\"; ma=2592000,h3-T050=\":443\"; ma=2592000","accept-ranges":"none","transfer-encoding":"chunked"}
[info] ✔  functions: all necessary APIs are enabled
[debug] [2020-04-20T02:47:37.824Z] >>> HTTP REQUEST GET https://firebase.googleapis.com/v1beta1/projects/portfolio-12283/adminSdkConfig  
 
[debug] [2020-04-20T02:47:38.174Z] <<< HTTP RESPONSE 200 {"content-type":"application/json; charset=UTF-8","vary":"X-Origin, Referer, Origin,Accept-Encoding","date":"Mon, 20 Apr 2020 02:47:38 GMT","server":"ESF","cache-control":"private","x-xss-protection":"0","x-frame-options":"SAMEORIGIN","x-content-type-options":"nosniff","alt-svc":"quic=\":443\"; ma=2592000; v=\"46,43\",h3-Q050=\":443\"; ma=2592000,h3-Q049=\":443\"; ma=2592000,h3-Q048=\":443\"; ma=2592000,h3-Q046=\":443\"; ma=2592000,h3-Q043=\":443\"; ma=2592000,h3-T050=\":443\"; ma=2592000","accept-ranges":"none","transfer-encoding":"chunked"}
[debug] [2020-04-20T02:47:38.178Z] >>> HTTP REQUEST POST https://firebasehosting.googleapis.com/v1beta1/sites/portfolio-12283/versions  
 {"config":{},"labels":{"deployment-tool":"cli-firebase"}}
[debug] [2020-04-20T02:47:39.605Z] <<< HTTP RESPONSE 200 {"content-type":"application/json; charset=UTF-8","vary":"X-Origin, Referer, Origin,Accept-Encoding","date":"Mon, 20 Apr 2020 02:47:39 GMT","server":"ESF","cache-control":"private","x-xss-protection":"0","x-frame-options":"SAMEORIGIN","x-content-type-options":"nosniff","alt-svc":"quic=\":443\"; ma=2592000; v=\"46,43\",h3-Q050=\":443\"; ma=2592000,h3-Q049=\":443\"; ma=2592000,h3-Q048=\":443\"; ma=2592000,h3-Q046=\":443\"; ma=2592000,h3-Q043=\":443\"; ma=2592000,h3-T050=\":443\"; ma=2592000","accept-ranges":"none","transfer-encoding":"chunked"}
[info] i  functions: preparing functions directory for uploading...
[debug] [2020-04-20T02:47:39.608Z] >>> HTTP REQUEST GET https://runtimeconfig.googleapis.com/v1beta1/projects/portfolio-12283/configs  
 
[debug] [2020-04-20T02:47:39.986Z] <<< HTTP RESPONSE 200 {"content-type":"application/json; charset=UTF-8","vary":"X-Origin, Referer, Origin,Accept-Encoding","date":"Mon, 20 Apr 2020 02:47:39 GMT","server":"ESF","cache-control":"private","x-xss-protection":"0","x-frame-options":"SAMEORIGIN","x-content-type-options":"nosniff","alt-svc":"quic=\":443\"; ma=2592000; v=\"46,43\",h3-Q050=\":443\"; ma=2592000,h3-Q049=\":443\"; ma=2592000,h3-Q048=\":443\"; ma=2592000,h3-Q046=\":443\"; ma=2592000,h3-Q043=\":443\"; ma=2592000,h3-T050=\":443\"; ma=2592000","accept-ranges":"none","transfer-encoding":"chunked"}
[info] i  functions: packaged functions (40.9 KB) for uploading
[debug] [2020-04-20T02:47:40.731Z] >>> HTTP REQUEST POST https://cloudfunctions.googleapis.com/v1/projects/portfolio-12283/locations/us-central1/functions:generateUploadUrl  
 
[debug] [2020-04-20T02:47:47.279Z] <<< HTTP RESPONSE 200 {"content-type":"application/json; charset=UTF-8","vary":"X-Origin, Referer, Origin,Accept-Encoding","date":"Mon, 20 Apr 2020 02:47:47 GMT","server":"ESF","cache-control":"private","x-xss-protection":"0","x-frame-options":"SAMEORIGIN","x-content-type-options":"nosniff","alt-svc":"quic=\":443\"; ma=2592000; v=\"46,43\",h3-Q050=\":443\"; ma=2592000,h3-Q049=\":443\"; ma=2592000,h3-Q048=\":443\"; ma=2592000,h3-Q046=\":443\"; ma=2592000,h3-Q043=\":443\"; ma=2592000,h3-T050=\":443\"; ma=2592000","accept-ranges":"none","transfer-encoding":"chunked"}
[debug] [2020-04-20T02:47:47.280Z] >>> HTTP REQUEST PUT https://storage.googleapis.com/gcf-upload-us-central1-1d04ae31-8634-479e-abd4-7944a5659a13/abe08cf9-f6c0-42f6-92c3-bc37f20f55cc.zip?GoogleAccessId=service-840455008352@gcf-admin-robot.iam.gserviceaccount.com&Expires=1587352667&Signature=Ifxf1%2BYQ06lZGYTepO39EpH7MVWYnPyOrMzMBwt8QKVpiQjnYOO9Eu34siYyrUrUUz4j6F6sexH244iLorGSsYYT9ln3p7Q5ovs49nEMPiDUsTYe5NN%2FOob7ZtNf0LcvNh4OWq1p9esrxiZxwzM8uFr5%2B5MI96cNUDysJXiaE92ylKDgOgYh7%2FErV0oZql9sXiNVangikqLPfZ84a%2FlKGHZ1Xomx7wZJGvnlfsKo2MnSsNCt0kCxMavfLrS3nysXToiH4IM6vrP0dsZgT6fZaGyNJIT5iqogsPepUIjVQZ5Y21MZ9GbYl104M3MHvCe213VJFgK7OqC3qm%2BD5i1npw%3D%3D  
 <request body omitted>
[debug] [2020-04-20T02:47:47.722Z] <<< HTTP RESPONSE 200 {"x-guploader-uploadid":"AAANsUlm8Sz9K9jjCCqSXlWrRakNLoXKyV6AfS2_sYKRd_AEJSSjg_fvebk_Beb2V8h_YoonhhTCusLfGoNhX2bHcik","etag":"\"7891d1256c3a873b84d08cc48b2ab4e1\"","x-goog-generation":"1587350867658830","x-goog-metageneration":"1","x-goog-hash":"crc32c=YPAA0A==, md5=eJHRJWw6hzuE0IzEiyq04Q==","x-goog-stored-content-length":"41883","x-goog-stored-content-encoding":"identity","vary":"Origin","content-length":"0","date":"Mon, 20 Apr 2020 02:47:47 GMT","server":"UploadServer","content-type":"text/html; charset=UTF-8","alt-svc":"quic=\":443\"; ma=2592000; v=\"46,43\",h3-Q050=\":443\"; ma=2592000,h3-Q049=\":443\"; ma=2592000,h3-Q048=\":443\"; ma=2592000,h3-Q046=\":443\"; ma=2592000,h3-Q043=\":443\"; ma=2592000,h3-T050=\":443\"; ma=2592000"}
[info] ✔  functions: functions folder uploaded successfully
[info] i  hosting[portfolio-12283]: beginning deploy...
[info] i  hosting[portfolio-12283]: found 9 files in dist
[debug] [2020-04-20T02:47:48.466Z] [hosting] hash cache [ZGlzdA] stored for 9 files
[debug] [2020-04-20T02:47:48.467Z] [hosting][hash queue][FINAL] {"max":692,"min":30,"avg":119.22222222222223,"active":0,"complete":9,"success":9,"errored":0,"retried":0,"total":9,"elapsed":707}
[debug] [2020-04-20T02:47:48.467Z] >>> HTTP REQUEST POST https://firebasehosting.googleapis.com/v1beta1/sites/portfolio-12283/versions/ac0f4944176dcbdb:populateFiles  
 <request body omitted>
[debug] [2020-04-20T02:47:49.602Z] <<< HTTP RESPONSE 200 {"content-type":"application/json; charset=UTF-8","vary":"X-Origin, Referer, Origin,Accept-Encoding","date":"Mon, 20 Apr 2020 02:47:49 GMT","server":"ESF","cache-control":"private","x-xss-protection":"0","x-frame-options":"SAMEORIGIN","x-content-type-options":"nosniff","alt-svc":"quic=\":443\"; ma=2592000; v=\"46,43\",h3-Q050=\":443\"; ma=2592000,h3-Q049=\":443\"; ma=2592000,h3-Q048=\":443\"; ma=2592000,h3-Q046=\":443\"; ma=2592000,h3-Q043=\":443\"; ma=2592000,h3-T050=\":443\"; ma=2592000","accept-ranges":"none","transfer-encoding":"chunked"}
[debug] [2020-04-20T02:47:49.611Z] [hosting][populate queue][FINAL] {"max":1142,"min":1142,"avg":1142,"active":0,"complete":1,"success":1,"errored":0,"retried":0,"total":1,"elapsed":1150}
[debug] [2020-04-20T02:47:49.612Z] [hosting] uploads queued: 4
[debug] [2020-04-20T02:47:52.589Z] [hosting][upload queue][FINAL] {"max":2984,"min":2216,"avg":2490,"active":0,"complete":4,"success":4,"errored":0,"retried":0,"total":4,"elapsed":2985}
[info] ✔  hosting[portfolio-12283]: file upload complete
[debug] [2020-04-20T02:47:52.590Z] [hosting] deploy completed after 4865ms
[debug] [2020-04-20T02:47:52.719Z] >>> HTTP REQUEST GET https://cloudfunctions.googleapis.com/v1/projects/portfolio-12283/locations/-/functions  
 
[debug] [2020-04-20T02:47:53.104Z] <<< HTTP RESPONSE 200 {"content-type":"application/json; charset=UTF-8","vary":"X-Origin, Referer, Origin,Accept-Encoding","date":"Mon, 20 Apr 2020 02:47:53 GMT","server":"ESF","cache-control":"private","x-xss-protection":"0","x-frame-options":"SAMEORIGIN","x-content-type-options":"nosniff","alt-svc":"quic=\":443\"; ma=2592000; v=\"46,43\",h3-Q050=\":443\"; ma=2592000,h3-Q049=\":443\"; ma=2592000,h3-Q048=\":443\"; ma=2592000,h3-Q046=\":443\"; ma=2592000,h3-Q043=\":443\"; ma=2592000,h3-T050=\":443\"; ma=2592000","accept-ranges":"none","transfer-encoding":"chunked"}
[info] i  functions: creating Node.js 8 function skills(us-central1)...
[debug] [2020-04-20T02:47:53.107Z] Trigger is:  {"httpsTrigger":{}}
[debug] [2020-04-20T02:47:53.109Z] >>> HTTP REQUEST GET https://serviceusage.googleapis.com/v1/projects/portfolio-12283/services/cloudscheduler.googleapis.com  
 
[debug] [2020-04-20T02:47:54.090Z] <<< HTTP RESPONSE 200 {"content-type":"application/json; charset=UTF-8","vary":"X-Origin, Referer, Origin,Accept-Encoding","date":"Mon, 20 Apr 2020 02:47:54 GMT","server":"ESF","cache-control":"private","x-xss-protection":"0","x-frame-options":"SAMEORIGIN","x-content-type-options":"nosniff","alt-svc":"quic=\":443\"; ma=2592000; v=\"46,43\",h3-Q050=\":443\"; ma=2592000,h3-Q049=\":443\"; ma=2592000,h3-Q048=\":443\"; ma=2592000,h3-Q046=\":443\"; ma=2592000,h3-Q043=\":443\"; ma=2592000,h3-T050=\":443\"; ma=2592000","accept-ranges":"none","transfer-encoding":"chunked"}
[debug] [2020-04-20T02:47:54.095Z] >>> HTTP REQUEST POST https://cloudfunctions.googleapis.com/v1/projects/portfolio-12283/locations/us-central1/functions  
 {"sourceUploadUrl":"https://storage.googleapis.com/gcf-upload-us-central1-1d04ae31-8634-479e-abd4-7944a5659a13/abe08cf9-f6c0-42f6-92c3-bc37f20f55cc.zip?GoogleAccessId=service-840455008352@gcf-admin-robot.iam.gserviceaccount.com&Expires=1587352667&Signature=Ifxf1%2BYQ06lZGYTepO39EpH7MVWYnPyOrMzMBwt8QKVpiQjnYOO9Eu34siYyrUrUUz4j6F6sexH244iLorGSsYYT9ln3p7Q5ovs49nEMPiDUsTYe5NN%2FOob7ZtNf0LcvNh4OWq1p9esrxiZxwzM8uFr5%2B5MI96cNUDysJXiaE92ylKDgOgYh7%2FErV0oZql9sXiNVangikqLPfZ84a%2FlKGHZ1Xomx7wZJGvnlfsKo2MnSsNCt0kCxMavfLrS3nysXToiH4IM6vrP0dsZgT6fZaGyNJIT5iqogsPepUIjVQZ5Y21MZ9GbYl104M3MHvCe213VJFgK7OqC3qm%2BD5i1npw%3D%3D","name":"projects/portfolio-12283/locations/us-central1/functions/skills","entryPoint":"skills","labels":{"deployment-tool":"cli-firebase"},"runtime":"nodejs8","httpsTrigger":{}}
[debug] [2020-04-20T02:47:54.809Z] <<< HTTP RESPONSE 200 {"content-type":"application/json; charset=UTF-8","vary":"X-Origin, Referer, Origin,Accept-Encoding","date":"Mon, 20 Apr 2020 02:47:54 GMT","server":"ESF","cache-control":"private","x-xss-protection":"0","x-frame-options":"SAMEORIGIN","x-content-type-options":"nosniff","alt-svc":"quic=\":443\"; ma=2592000; v=\"46,43\",h3-Q050=\":443\"; ma=2592000,h3-Q049=\":443\"; ma=2592000,h3-Q048=\":443\"; ma=2592000,h3-Q046=\":443\"; ma=2592000,h3-Q043=\":443\"; ma=2592000,h3-T050=\":443\"; ma=2592000","accept-ranges":"none","transfer-encoding":"chunked"}
[debug] [2020-04-20T02:47:54.811Z] Setting public policy for function skills
[debug] [2020-04-20T02:47:54.812Z] >>> HTTP REQUEST POST https://cloudfunctions.googleapis.com/v1/projects/portfolio-12283/locations/us-central1/functions/skills:setIamPolicy  
 {"policy":{"version":3,"bindings":[{"role":"roles/cloudfunctions.invoker","members":["allUsers"]}]},"updateMask":"version,bindings"}
[debug] [2020-04-20T02:47:55.270Z] <<< HTTP RESPONSE 200 {"content-type":"application/json; charset=UTF-8","vary":"X-Origin, Referer, Origin,Accept-Encoding","date":"Mon, 20 Apr 2020 02:47:55 GMT","server":"ESF","cache-control":"private","x-xss-protection":"0","x-frame-options":"SAMEORIGIN","x-content-type-options":"nosniff","alt-svc":"quic=\":443\"; ma=2592000; v=\"46,43\",h3-Q050=\":443\"; ma=2592000,h3-Q049=\":443\"; ma=2592000,h3-Q048=\":443\"; ma=2592000,h3-Q046=\":443\"; ma=2592000,h3-Q043=\":443\"; ma=2592000,h3-T050=\":443\"; ma=2592000","accept-ranges":"none","transfer-encoding":"chunked"}
[debug] [2020-04-20T02:47:55.272Z] >>> HTTP REQUEST GET https://cloudfunctions.googleapis.com/v1/projects/portfolio-12283/locations/-/functions  
 
[debug] [2020-04-20T02:47:55.652Z] <<< HTTP RESPONSE 200 {"content-type":"application/json; charset=UTF-8","vary":"X-Origin, Referer, Origin,Accept-Encoding","date":"Mon, 20 Apr 2020 02:47:55 GMT","server":"ESF","cache-control":"private","x-xss-protection":"0","x-frame-options":"SAMEORIGIN","x-content-type-options":"nosniff","alt-svc":"quic=\":443\"; ma=2592000; v=\"46,43\",h3-Q050=\":443\"; ma=2592000,h3-Q049=\":443\"; ma=2592000,h3-Q048=\":443\"; ma=2592000,h3-Q046=\":443\"; ma=2592000,h3-Q043=\":443\"; ma=2592000,h3-T050=\":443\"; ma=2592000","accept-ranges":"none","transfer-encoding":"chunked"}
[debug] [2020-04-20T02:47:55.658Z] >>> HTTP REQUEST GET https://cloudfunctions.googleapis.com/v1/operations/cG9ydGZvbGlvLTEyMjgzL3VzLWNlbnRyYWwxL3NraWxscy9wSjZGdkZ1SlBLdw  
 
[debug] [2020-04-20T02:47:55.965Z] <<< HTTP RESPONSE 200 {"content-type":"application/json; charset=UTF-8","vary":"X-Origin, Referer, Origin,Accept-Encoding","date":"Mon, 20 Apr 2020 02:47:55 GMT","server":"ESF","cache-control":"private","x-xss-protection":"0","x-frame-options":"SAMEORIGIN","x-content-type-options":"nosniff","alt-svc":"quic=\":443\"; ma=2592000; v=\"46,43\",h3-Q050=\":443\"; ma=2592000,h3-Q049=\":443\"; ma=2592000,h3-Q048=\":443\"; ma=2592000,h3-Q046=\":443\"; ma=2592000,h3-Q043=\":443\"; ma=2592000,h3-T050=\":443\"; ma=2592000","accept-ranges":"none","transfer-encoding":"chunked"}
[debug] [2020-04-20T02:47:57.977Z] >>> HTTP REQUEST GET https://cloudfunctions.googleapis.com/v1/operations/cG9ydGZvbGlvLTEyMjgzL3VzLWNlbnRyYWwxL3NraWxscy9wSjZGdkZ1SlBLdw  
 
[debug] [2020-04-20T02:47:58.278Z] <<< HTTP RESPONSE 200 {"content-type":"application/json; charset=UTF-8","vary":"X-Origin, Referer, Origin,Accept-Encoding","date":"Mon, 20 Apr 2020 02:47:58 GMT","server":"ESF","cache-control":"private","x-xss-protection":"0","x-frame-options":"SAMEORIGIN","x-content-type-options":"nosniff","alt-svc":"quic=\":443\"; ma=2592000; v=\"46,43\",h3-Q050=\":443\"; ma=2592000,h3-Q049=\":443\"; ma=2592000,h3-Q048=\":443\"; ma=2592000,h3-Q046=\":443\"; ma=2592000,h3-Q043=\":443\"; ma=2592000,h3-T050=\":443\"; ma=2592000","accept-ranges":"none","transfer-encoding":"chunked"}
[debug] [2020-04-20T02:48:00.283Z] >>> HTTP REQUEST GET https://cloudfunctions.googleapis.com/v1/operations/cG9ydGZvbGlvLTEyMjgzL3VzLWNlbnRyYWwxL3NraWxscy9wSjZGdkZ1SlBLdw  
 
[debug] [2020-04-20T02:48:00.590Z] <<< HTTP RESPONSE 200 {"content-type":"application/json; charset=UTF-8","vary":"X-Origin, Referer, Origin,Accept-Encoding","date":"Mon, 20 Apr 2020 02:48:00 GMT","server":"ESF","cache-control":"private","x-xss-protection":"0","x-frame-options":"SAMEORIGIN","x-content-type-options":"nosniff","alt-svc":"quic=\":443\"; ma=2592000; v=\"46,43\",h3-Q050=\":443\"; ma=2592000,h3-Q049=\":443\"; ma=2592000,h3-Q048=\":443\"; ma=2592000,h3-Q046=\":443\"; ma=2592000,h3-Q043=\":443\"; ma=2592000,h3-T050=\":443\"; ma=2592000","accept-ranges":"none","transfer-encoding":"chunked"}
[debug] [2020-04-20T02:48:02.595Z] >>> HTTP REQUEST GET https://cloudfunctions.googleapis.com/v1/operations/cG9ydGZvbGlvLTEyMjgzL3VzLWNlbnRyYWwxL3NraWxscy9wSjZGdkZ1SlBLdw  
 
[debug] [2020-04-20T02:48:02.908Z] <<< HTTP RESPONSE 200 {"content-type":"application/json; charset=UTF-8","vary":"X-Origin, Referer, Origin,Accept-Encoding","date":"Mon, 20 Apr 2020 02:48:02 GMT","server":"ESF","cache-control":"private","x-xss-protection":"0","x-frame-options":"SAMEORIGIN","x-content-type-options":"nosniff","alt-svc":"quic=\":443\"; ma=2592000; v=\"46,43\",h3-Q050=\":443\"; ma=2592000,h3-Q049=\":443\"; ma=2592000,h3-Q048=\":443\"; ma=2592000,h3-Q046=\":443\"; ma=2592000,h3-Q043=\":443\"; ma=2592000,h3-T050=\":443\"; ma=2592000","accept-ranges":"none","transfer-encoding":"chunked"}
[debug] [2020-04-20T02:48:04.916Z] >>> HTTP REQUEST GET https://cloudfunctions.googleapis.com/v1/operations/cG9ydGZvbGlvLTEyMjgzL3VzLWNlbnRyYWwxL3NraWxscy9wSjZGdkZ1SlBLdw  
 
[debug] [2020-04-20T02:48:05.184Z] <<< HTTP RESPONSE 200 {"content-type":"application/json; charset=UTF-8","vary":"X-Origin, Referer, Origin,Accept-Encoding","date":"Mon, 20 Apr 2020 02:48:05 GMT","server":"ESF","cache-control":"private","x-xss-protection":"0","x-frame-options":"SAMEORIGIN","x-content-type-options":"nosniff","alt-svc":"quic=\":443\"; ma=2592000; v=\"46,43\",h3-Q050=\":443\"; ma=2592000,h3-Q049=\":443\"; ma=2592000,h3-Q048=\":443\"; ma=2592000,h3-Q046=\":443\"; ma=2592000,h3-Q043=\":443\"; ma=2592000,h3-T050=\":443\"; ma=2592000","accept-ranges":"none","transfer-encoding":"chunked"}
[debug] [2020-04-20T02:48:07.190Z] >>> HTTP REQUEST GET https://cloudfunctions.googleapis.com/v1/operations/cG9ydGZvbGlvLTEyMjgzL3VzLWNlbnRyYWwxL3NraWxscy9wSjZGdkZ1SlBLdw  
 
[debug] [2020-04-20T02:48:07.461Z] <<< HTTP RESPONSE 200 {"content-type":"application/json; charset=UTF-8","vary":"X-Origin, Referer, Origin,Accept-Encoding","date":"Mon, 20 Apr 2020 02:48:07 GMT","server":"ESF","cache-control":"private","x-xss-protection":"0","x-frame-options":"SAMEORIGIN","x-content-type-options":"nosniff","alt-svc":"quic=\":443\"; ma=2592000; v=\"46,43\",h3-Q050=\":443\"; ma=2592000,h3-Q049=\":443\"; ma=2592000,h3-Q048=\":443\"; ma=2592000,h3-Q046=\":443\"; ma=2592000,h3-Q043=\":443\"; ma=2592000,h3-T050=\":443\"; ma=2592000","accept-ranges":"none","transfer-encoding":"chunked"}
[debug] [2020-04-20T02:48:09.467Z] >>> HTTP REQUEST GET https://cloudfunctions.googleapis.com/v1/operations/cG9ydGZvbGlvLTEyMjgzL3VzLWNlbnRyYWwxL3NraWxscy9wSjZGdkZ1SlBLdw  
 
[debug] [2020-04-20T02:48:09.772Z] <<< HTTP RESPONSE 200 {"content-type":"application/json; charset=UTF-8","vary":"X-Origin, Referer, Origin,Accept-Encoding","date":"Mon, 20 Apr 2020 02:48:09 GMT","server":"ESF","cache-control":"private","x-xss-protection":"0","x-frame-options":"SAMEORIGIN","x-content-type-options":"nosniff","alt-svc":"quic=\":443\"; ma=2592000; v=\"46,43\",h3-Q050=\":443\"; ma=2592000,h3-Q049=\":443\"; ma=2592000,h3-Q048=\":443\"; ma=2592000,h3-Q046=\":443\"; ma=2592000,h3-Q043=\":443\"; ma=2592000,h3-T050=\":443\"; ma=2592000","accept-ranges":"none","transfer-encoding":"chunked"}
[debug] [2020-04-20T02:48:11.778Z] >>> HTTP REQUEST GET https://cloudfunctions.googleapis.com/v1/operations/cG9ydGZvbGlvLTEyMjgzL3VzLWNlbnRyYWwxL3NraWxscy9wSjZGdkZ1SlBLdw  
 
[debug] [2020-04-20T02:48:12.036Z] <<< HTTP RESPONSE 200 {"content-type":"application/json; charset=UTF-8","vary":"X-Origin, Referer, Origin,Accept-Encoding","date":"Mon, 20 Apr 2020 02:48:12 GMT","server":"ESF","cache-control":"private","x-xss-protection":"0","x-frame-options":"SAMEORIGIN","x-content-type-options":"nosniff","alt-svc":"quic=\":443\"; ma=2592000; v=\"46,43\",h3-Q050=\":443\"; ma=2592000,h3-Q049=\":443\"; ma=2592000,h3-Q048=\":443\"; ma=2592000,h3-Q046=\":443\"; ma=2592000,h3-Q043=\":443\"; ma=2592000,h3-T050=\":443\"; ma=2592000","accept-ranges":"none","transfer-encoding":"chunked"}
[debug] [2020-04-20T02:48:14.042Z] >>> HTTP REQUEST GET https://cloudfunctions.googleapis.com/v1/operations/cG9ydGZvbGlvLTEyMjgzL3VzLWNlbnRyYWwxL3NraWxscy9wSjZGdkZ1SlBLdw  
 
[debug] [2020-04-20T02:48:14.332Z] <<< HTTP RESPONSE 200 {"content-type":"application/json; charset=UTF-8","vary":"X-Origin, Referer, Origin,Accept-Encoding","date":"Mon, 20 Apr 2020 02:48:14 GMT","server":"ESF","cache-control":"private","x-xss-protection":"0","x-frame-options":"SAMEORIGIN","x-content-type-options":"nosniff","alt-svc":"quic=\":443\"; ma=2592000; v=\"46,43\",h3-Q050=\":443\"; ma=2592000,h3-Q049=\":443\"; ma=2592000,h3-Q048=\":443\"; ma=2592000,h3-Q046=\":443\"; ma=2592000,h3-Q043=\":443\"; ma=2592000,h3-T050=\":443\"; ma=2592000","accept-ranges":"none","transfer-encoding":"chunked"}
[debug] [2020-04-20T02:48:16.342Z] >>> HTTP REQUEST GET https://cloudfunctions.googleapis.com/v1/operations/cG9ydGZvbGlvLTEyMjgzL3VzLWNlbnRyYWwxL3NraWxscy9wSjZGdkZ1SlBLdw  
 
[debug] [2020-04-20T02:48:16.663Z] <<< HTTP RESPONSE 200 {"content-type":"application/json; charset=UTF-8","vary":"X-Origin, Referer, Origin,Accept-Encoding","date":"Mon, 20 Apr 2020 02:48:16 GMT","server":"ESF","cache-control":"private","x-xss-protection":"0","x-frame-options":"SAMEORIGIN","x-content-type-options":"nosniff","alt-svc":"quic=\":443\"; ma=2592000; v=\"46,43\",h3-Q050=\":443\"; ma=2592000,h3-Q049=\":443\"; ma=2592000,h3-Q048=\":443\"; ma=2592000,h3-Q046=\":443\"; ma=2592000,h3-Q043=\":443\"; ma=2592000,h3-T050=\":443\"; ma=2592000","accept-ranges":"none","transfer-encoding":"chunked"}
[debug] [2020-04-20T02:48:18.668Z] >>> HTTP REQUEST GET https://cloudfunctions.googleapis.com/v1/operations/cG9ydGZvbGlvLTEyMjgzL3VzLWNlbnRyYWwxL3NraWxscy9wSjZGdkZ1SlBLdw  
 
[debug] [2020-04-20T02:48:18.972Z] <<< HTTP RESPONSE 200 {"content-type":"application/json; charset=UTF-8","vary":"X-Origin, Referer, Origin,Accept-Encoding","date":"Mon, 20 Apr 2020 02:48:18 GMT","server":"ESF","cache-control":"private","x-xss-protection":"0","x-frame-options":"SAMEORIGIN","x-content-type-options":"nosniff","alt-svc":"quic=\":443\"; ma=2592000; v=\"46,43\",h3-Q050=\":443\"; ma=2592000,h3-Q049=\":443\"; ma=2592000,h3-Q048=\":443\"; ma=2592000,h3-Q046=\":443\"; ma=2592000,h3-Q043=\":443\"; ma=2592000,h3-T050=\":443\"; ma=2592000","accept-ranges":"none","transfer-encoding":"chunked"}
[debug] [2020-04-20T02:48:20.979Z] >>> HTTP REQUEST GET https://cloudfunctions.googleapis.com/v1/operations/cG9ydGZvbGlvLTEyMjgzL3VzLWNlbnRyYWwxL3NraWxscy9wSjZGdkZ1SlBLdw  
 
[debug] [2020-04-20T02:48:21.253Z] <<< HTTP RESPONSE 200 {"content-type":"application/json; charset=UTF-8","vary":"X-Origin, Referer, Origin,Accept-Encoding","date":"Mon, 20 Apr 2020 02:48:21 GMT","server":"ESF","cache-control":"private","x-xss-protection":"0","x-frame-options":"SAMEORIGIN","x-content-type-options":"nosniff","alt-svc":"quic=\":443\"; ma=2592000; v=\"46,43\",h3-Q050=\":443\"; ma=2592000,h3-Q049=\":443\"; ma=2592000,h3-Q048=\":443\"; ma=2592000,h3-Q046=\":443\"; ma=2592000,h3-Q043=\":443\"; ma=2592000,h3-T050=\":443\"; ma=2592000","accept-ranges":"none","transfer-encoding":"chunked"}
[debug] [2020-04-20T02:48:23.260Z] >>> HTTP REQUEST GET https://cloudfunctions.googleapis.com/v1/operations/cG9ydGZvbGlvLTEyMjgzL3VzLWNlbnRyYWwxL3NraWxscy9wSjZGdkZ1SlBLdw  
 
[debug] [2020-04-20T02:48:23.532Z] <<< HTTP RESPONSE 200 {"content-type":"application/json; charset=UTF-8","vary":"X-Origin, Referer, Origin,Accept-Encoding","date":"Mon, 20 Apr 2020 02:48:23 GMT","server":"ESF","cache-control":"private","x-xss-protection":"0","x-frame-options":"SAMEORIGIN","x-content-type-options":"nosniff","alt-svc":"quic=\":443\"; ma=2592000; v=\"46,43\",h3-Q050=\":443\"; ma=2592000,h3-Q049=\":443\"; ma=2592000,h3-Q048=\":443\"; ma=2592000,h3-Q046=\":443\"; ma=2592000,h3-Q043=\":443\"; ma=2592000,h3-T050=\":443\"; ma=2592000","accept-ranges":"none","transfer-encoding":"chunked"}
[debug] [2020-04-20T02:48:25.537Z] >>> HTTP REQUEST GET https://cloudfunctions.googleapis.com/v1/operations/cG9ydGZvbGlvLTEyMjgzL3VzLWNlbnRyYWwxL3NraWxscy9wSjZGdkZ1SlBLdw  
 
[debug] [2020-04-20T02:48:25.808Z] <<< HTTP RESPONSE 200 {"content-type":"application/json; charset=UTF-8","vary":"X-Origin, Referer, Origin,Accept-Encoding","date":"Mon, 20 Apr 2020 02:48:25 GMT","server":"ESF","cache-control":"private","x-xss-protection":"0","x-frame-options":"SAMEORIGIN","x-content-type-options":"nosniff","alt-svc":"quic=\":443\"; ma=2592000; v=\"46,43\",h3-Q050=\":443\"; ma=2592000,h3-Q049=\":443\"; ma=2592000,h3-Q048=\":443\"; ma=2592000,h3-Q046=\":443\"; ma=2592000,h3-Q043=\":443\"; ma=2592000,h3-T050=\":443\"; ma=2592000","accept-ranges":"none","transfer-encoding":"chunked"}
[debug] [2020-04-20T02:48:27.814Z] >>> HTTP REQUEST GET https://cloudfunctions.googleapis.com/v1/operations/cG9ydGZvbGlvLTEyMjgzL3VzLWNlbnRyYWwxL3NraWxscy9wSjZGdkZ1SlBLdw  
 
[debug] [2020-04-20T02:48:28.081Z] <<< HTTP RESPONSE 200 {"content-type":"application/json; charset=UTF-8","vary":"X-Origin, Referer, Origin,Accept-Encoding","date":"Mon, 20 Apr 2020 02:48:28 GMT","server":"ESF","cache-control":"private","x-xss-protection":"0","x-frame-options":"SAMEORIGIN","x-content-type-options":"nosniff","alt-svc":"quic=\":443\"; ma=2592000; v=\"46,43\",h3-Q050=\":443\"; ma=2592000,h3-Q049=\":443\"; ma=2592000,h3-Q048=\":443\"; ma=2592000,h3-Q046=\":443\"; ma=2592000,h3-Q043=\":443\"; ma=2592000,h3-T050=\":443\"; ma=2592000","accept-ranges":"none","transfer-encoding":"chunked"}
[debug] [2020-04-20T02:48:30.087Z] >>> HTTP REQUEST GET https://cloudfunctions.googleapis.com/v1/operations/cG9ydGZvbGlvLTEyMjgzL3VzLWNlbnRyYWwxL3NraWxscy9wSjZGdkZ1SlBLdw  
 
[debug] [2020-04-20T02:48:30.349Z] <<< HTTP RESPONSE 200 {"content-type":"application/json; charset=UTF-8","vary":"X-Origin, Referer, Origin,Accept-Encoding","date":"Mon, 20 Apr 2020 02:48:30 GMT","server":"ESF","cache-control":"private","x-xss-protection":"0","x-frame-options":"SAMEORIGIN","x-content-type-options":"nosniff","alt-svc":"quic=\":443\"; ma=2592000; v=\"46,43\",h3-Q050=\":443\"; ma=2592000,h3-Q049=\":443\"; ma=2592000,h3-Q048=\":443\"; ma=2592000,h3-Q046=\":443\"; ma=2592000,h3-Q043=\":443\"; ma=2592000,h3-T050=\":443\"; ma=2592000","accept-ranges":"none","transfer-encoding":"chunked"}
[debug] [2020-04-20T02:48:32.354Z] >>> HTTP REQUEST GET https://cloudfunctions.googleapis.com/v1/operations/cG9ydGZvbGlvLTEyMjgzL3VzLWNlbnRyYWwxL3NraWxscy9wSjZGdkZ1SlBLdw  
 
[debug] [2020-04-20T02:48:32.623Z] <<< HTTP RESPONSE 200 {"content-type":"application/json; charset=UTF-8","vary":"X-Origin, Referer, Origin,Accept-Encoding","date":"Mon, 20 Apr 2020 02:48:32 GMT","server":"ESF","cache-control":"private","x-xss-protection":"0","x-frame-options":"SAMEORIGIN","x-content-type-options":"nosniff","alt-svc":"quic=\":443\"; ma=2592000; v=\"46,43\",h3-Q050=\":443\"; ma=2592000,h3-Q049=\":443\"; ma=2592000,h3-Q048=\":443\"; ma=2592000,h3-Q046=\":443\"; ma=2592000,h3-Q043=\":443\"; ma=2592000,h3-T050=\":443\"; ma=2592000","accept-ranges":"none","transfer-encoding":"chunked"}
[debug] [2020-04-20T02:48:34.627Z] >>> HTTP REQUEST GET https://cloudfunctions.googleapis.com/v1/operations/cG9ydGZvbGlvLTEyMjgzL3VzLWNlbnRyYWwxL3NraWxscy9wSjZGdkZ1SlBLdw  
 
[debug] [2020-04-20T02:48:34.911Z] <<< HTTP RESPONSE 200 {"content-type":"application/json; charset=UTF-8","vary":"X-Origin, Referer, Origin,Accept-Encoding","date":"Mon, 20 Apr 2020 02:48:34 GMT","server":"ESF","cache-control":"private","x-xss-protection":"0","x-frame-options":"SAMEORIGIN","x-content-type-options":"nosniff","alt-svc":"quic=\":443\"; ma=2592000; v=\"46,43\",h3-Q050=\":443\"; ma=2592000,h3-Q049=\":443\"; ma=2592000,h3-Q048=\":443\"; ma=2592000,h3-Q046=\":443\"; ma=2592000,h3-Q043=\":443\"; ma=2592000,h3-T050=\":443\"; ma=2592000","accept-ranges":"none","transfer-encoding":"chunked"}
[debug] [2020-04-20T02:48:36.918Z] >>> HTTP REQUEST GET https://cloudfunctions.googleapis.com/v1/operations/cG9ydGZvbGlvLTEyMjgzL3VzLWNlbnRyYWwxL3NraWxscy9wSjZGdkZ1SlBLdw  
 
[debug] [2020-04-20T02:48:37.195Z] <<< HTTP RESPONSE 200 {"content-type":"application/json; charset=UTF-8","vary":"X-Origin, Referer, Origin,Accept-Encoding","date":"Mon, 20 Apr 2020 02:48:37 GMT","server":"ESF","cache-control":"private","x-xss-protection":"0","x-frame-options":"SAMEORIGIN","x-content-type-options":"nosniff","alt-svc":"quic=\":443\"; ma=2592000; v=\"46,43\",h3-Q050=\":443\"; ma=2592000,h3-Q049=\":443\"; ma=2592000,h3-Q048=\":443\"; ma=2592000,h3-Q046=\":443\"; ma=2592000,h3-Q043=\":443\"; ma=2592000,h3-T050=\":443\"; ma=2592000","accept-ranges":"none","transfer-encoding":"chunked"}
[debug] [2020-04-20T02:48:39.201Z] >>> HTTP REQUEST GET https://cloudfunctions.googleapis.com/v1/operations/cG9ydGZvbGlvLTEyMjgzL3VzLWNlbnRyYWwxL3NraWxscy9wSjZGdkZ1SlBLdw  
 
[debug] [2020-04-20T02:48:39.472Z] <<< HTTP RESPONSE 200 {"content-type":"application/json; charset=UTF-8","vary":"X-Origin, Referer, Origin,Accept-Encoding","date":"Mon, 20 Apr 2020 02:48:39 GMT","server":"ESF","cache-control":"private","x-xss-protection":"0","x-frame-options":"SAMEORIGIN","x-content-type-options":"nosniff","alt-svc":"quic=\":443\"; ma=2592000; v=\"46,43\",h3-Q050=\":443\"; ma=2592000,h3-Q049=\":443\"; ma=2592000,h3-Q048=\":443\"; ma=2592000,h3-Q046=\":443\"; ma=2592000,h3-Q043=\":443\"; ma=2592000,h3-T050=\":443\"; ma=2592000","accept-ranges":"none","transfer-encoding":"chunked"}
[debug] [2020-04-20T02:48:41.484Z] >>> HTTP REQUEST GET https://cloudfunctions.googleapis.com/v1/operations/cG9ydGZvbGlvLTEyMjgzL3VzLWNlbnRyYWwxL3NraWxscy9wSjZGdkZ1SlBLdw  
 
[debug] [2020-04-20T02:48:41.755Z] <<< HTTP RESPONSE 200 {"content-type":"application/json; charset=UTF-8","vary":"X-Origin, Referer, Origin,Accept-Encoding","date":"Mon, 20 Apr 2020 02:48:41 GMT","server":"ESF","cache-control":"private","x-xss-protection":"0","x-frame-options":"SAMEORIGIN","x-content-type-options":"nosniff","alt-svc":"quic=\":443\"; ma=2592000; v=\"46,43\",h3-Q050=\":443\"; ma=2592000,h3-Q049=\":443\"; ma=2592000,h3-Q048=\":443\"; ma=2592000,h3-Q046=\":443\"; ma=2592000,h3-Q043=\":443\"; ma=2592000,h3-T050=\":443\"; ma=2592000","accept-ranges":"none","transfer-encoding":"chunked"}
[debug] [2020-04-20T02:48:43.758Z] >>> HTTP REQUEST GET https://cloudfunctions.googleapis.com/v1/operations/cG9ydGZvbGlvLTEyMjgzL3VzLWNlbnRyYWwxL3NraWxscy9wSjZGdkZ1SlBLdw  
 
[debug] [2020-04-20T02:48:44.043Z] <<< HTTP RESPONSE 200 {"content-type":"application/json; charset=UTF-8","vary":"X-Origin, Referer, Origin,Accept-Encoding","date":"Mon, 20 Apr 2020 02:48:44 GMT","server":"ESF","cache-control":"private","x-xss-protection":"0","x-frame-options":"SAMEORIGIN","x-content-type-options":"nosniff","alt-svc":"quic=\":443\"; ma=2592000; v=\"46,43\",h3-Q050=\":443\"; ma=2592000,h3-Q049=\":443\"; ma=2592000,h3-Q048=\":443\"; ma=2592000,h3-Q046=\":443\"; ma=2592000,h3-Q043=\":443\"; ma=2592000,h3-T050=\":443\"; ma=2592000","accept-ranges":"none","transfer-encoding":"chunked"}
[debug] [2020-04-20T02:48:46.049Z] >>> HTTP REQUEST GET https://cloudfunctions.googleapis.com/v1/operations/cG9ydGZvbGlvLTEyMjgzL3VzLWNlbnRyYWwxL3NraWxscy9wSjZGdkZ1SlBLdw  
 
[debug] [2020-04-20T02:48:46.323Z] <<< HTTP RESPONSE 200 {"content-type":"application/json; charset=UTF-8","vary":"X-Origin, Referer, Origin,Accept-Encoding","date":"Mon, 20 Apr 2020 02:48:46 GMT","server":"ESF","cache-control":"private","x-xss-protection":"0","x-frame-options":"SAMEORIGIN","x-content-type-options":"nosniff","alt-svc":"quic=\":443\"; ma=2592000; v=\"46,43\",h3-Q050=\":443\"; ma=2592000,h3-Q049=\":443\"; ma=2592000,h3-Q048=\":443\"; ma=2592000,h3-Q046=\":443\"; ma=2592000,h3-Q043=\":443\"; ma=2592000,h3-T050=\":443\"; ma=2592000","accept-ranges":"none","transfer-encoding":"chunked"}
[debug] [2020-04-20T02:48:48.327Z] >>> HTTP REQUEST GET https://cloudfunctions.googleapis.com/v1/operations/cG9ydGZvbGlvLTEyMjgzL3VzLWNlbnRyYWwxL3NraWxscy9wSjZGdkZ1SlBLdw  
 
[debug] [2020-04-20T02:48:48.608Z] <<< HTTP RESPONSE 200 {"content-type":"application/json; charset=UTF-8","vary":"X-Origin, Referer, Origin,Accept-Encoding","date":"Mon, 20 Apr 2020 02:48:48 GMT","server":"ESF","cache-control":"private","x-xss-protection":"0","x-frame-options":"SAMEORIGIN","x-content-type-options":"nosniff","alt-svc":"quic=\":443\"; ma=2592000; v=\"46,43\",h3-Q050=\":443\"; ma=2592000,h3-Q049=\":443\"; ma=2592000,h3-Q048=\":443\"; ma=2592000,h3-Q046=\":443\"; ma=2592000,h3-Q043=\":443\"; ma=2592000,h3-T050=\":443\"; ma=2592000","accept-ranges":"none","transfer-encoding":"chunked"}
[debug] [2020-04-20T02:48:50.613Z] >>> HTTP REQUEST GET https://cloudfunctions.googleapis.com/v1/operations/cG9ydGZvbGlvLTEyMjgzL3VzLWNlbnRyYWwxL3NraWxscy9wSjZGdkZ1SlBLdw  
 
[debug] [2020-04-20T02:48:50.891Z] <<< HTTP RESPONSE 200 {"content-type":"application/json; charset=UTF-8","vary":"X-Origin, Referer, Origin,Accept-Encoding","date":"Mon, 20 Apr 2020 02:48:50 GMT","server":"ESF","cache-control":"private","x-xss-protection":"0","x-frame-options":"SAMEORIGIN","x-content-type-options":"nosniff","alt-svc":"quic=\":443\"; ma=2592000; v=\"46,43\",h3-Q050=\":443\"; ma=2592000,h3-Q049=\":443\"; ma=2592000,h3-Q048=\":443\"; ma=2592000,h3-Q046=\":443\"; ma=2592000,h3-Q043=\":443\"; ma=2592000,h3-T050=\":443\"; ma=2592000","accept-ranges":"none","transfer-encoding":"chunked"}
